[0.202s] DEBUG:colcon:Command line arguments: ['/usr/bin/colcon', 'build', '--symlink-install']
[0.202s] DEBUG:colcon:Parsed command line arguments: Namespace(log_base=None, log_level=None, verb_name='build', build_base='build', install_base='install', merge_install=False, symlink_install=True, test_result_base=None, continue_on_error=False, executor='parallel', parallel_workers=16, event_handlers=None, ignore_user_meta=False, metas=['./colcon.meta'], base_paths=['.'], packages_ignore=None, packages_ignore_regex=None, paths=None, packages_up_to=None, packages_up_to_regex=None, packages_above=None, packages_above_and_dependencies=None, packages_above_depth=None, packages_select_by_dep=None, packages_skip_by_dep=None, packages_skip_up_to=None, packages_select_build_failed=False, packages_skip_build_finished=False, packages_select_test_failures=False, packages_skip_test_passed=False, packages_select=None, packages_skip=None, packages_select_regex=None, packages_skip_regex=None, packages_start=None, packages_end=None, allow_overriding=[], cmake_args=None, cmake_target=None, cmake_target_skip_unavailable=False, cmake_clean_cache=False, cmake_clean_first=False, cmake_force_configure=False, ament_cmake_args=None, catkin_cmake_args=None, catkin_skip_building_tests=False, mixin_files=None, mixin=None, verb_parser=<colcon_mixin.mixin.mixin_argument.MixinArgumentDecorator object at 0x7f8df98f4bb0>, verb_extension=<colcon_core.verb.build.BuildVerb object at 0x7f8df9ae6500>, main=<bound method BuildVerb.main of <colcon_core.verb.build.BuildVerb object at 0x7f8df9ae6500>>, mixin_verb=('build',))
[0.358s] Level 1:colcon.colcon_core.package_discovery:discover_packages(colcon_meta) check parameters
[0.359s] Level 1:colcon.colcon_core.package_discovery:discover_packages(recursive) check parameters
[0.359s] Level 1:colcon.colcon_core.package_discovery:discover_packages(ignore) check parameters
[0.359s] Level 1:colcon.colcon_core.package_discovery:discover_packages(path) check parameters
[0.359s] Level 1:colcon.colcon_core.package_discovery:discover_packages(colcon_meta) discover
[0.359s] Level 1:colcon.colcon_core.package_discovery:discover_packages(recursive) discover
[0.359s] INFO:colcon.colcon_core.package_discovery:Crawling recursively for packages in '/home/elena/repos/space_robotics/python_tutorial'
[0.359s] Level 1:colcon.colcon_core.package_identification:_identify(.) by extensions ['ignore', 'ignore_ament_install']
[0.359s] Level 1:colcon.colcon_core.package_identification:_identify(.) by extension 'ignore'
[0.359s] Level 1:colcon.colcon_core.package_identification:_identify(.) by extension 'ignore_ament_install'
[0.359s] Level 1:colcon.colcon_core.package_identification:_identify(.) by extensions ['colcon_pkg']
[0.359s] Level 1:colcon.colcon_core.package_identification:_identify(.) by extension 'colcon_pkg'
[0.359s] Level 1:colcon.colcon_core.package_identification:_identify(.) by extensions ['colcon_meta']
[0.359s] Level 1:colcon.colcon_core.package_identification:_identify(.) by extension 'colcon_meta'
[0.360s] Level 1:colcon.colcon_core.package_identification:_identify(.) by extensions ['ros']
[0.360s] Level 1:colcon.colcon_core.package_identification:_identify(.) by extension 'ros'
[0.373s] DEBUG:colcon.colcon_core.package_identification:Package '.' with type 'ros.ament_python' and name 'python_tutorial'
[0.373s] Level 1:colcon.colcon_core.package_discovery:discover_packages(recursive) using defaults
[0.373s] Level 1:colcon.colcon_core.package_discovery:discover_packages(ignore) discover
[0.373s] Level 1:colcon.colcon_core.package_discovery:discover_packages(ignore) using defaults
[0.373s] Level 1:colcon.colcon_core.package_discovery:discover_packages(path) discover
[0.373s] Level 1:colcon.colcon_core.package_discovery:discover_packages(path) using defaults
[0.405s] Level 1:colcon.colcon_core.package_discovery:discover_packages(prefix_path) check parameters
[0.405s] Level 1:colcon.colcon_core.package_discovery:discover_packages(prefix_path) discover
[0.406s] DEBUG:colcon.colcon_installed_package_information.package_discovery:Found 0 installed packages in /home/elena/ros2_ws/install
[0.408s] DEBUG:colcon.colcon_installed_package_information.package_discovery:Found 318 installed packages in /opt/ros/humble
[0.409s] Level 1:colcon.colcon_core.package_discovery:discover_packages(prefix_path) using defaults
[0.446s] Level 5:colcon.colcon_core.verb:set package 'python_tutorial' build argument 'cmake_args' from command line to 'None'
[0.446s] Level 5:colcon.colcon_core.verb:set package 'python_tutorial' build argument 'cmake_target' from command line to 'None'
[0.446s] Level 5:colcon.colcon_core.verb:set package 'python_tutorial' build argument 'cmake_target_skip_unavailable' from command line to 'False'
[0.446s] Level 5:colcon.colcon_core.verb:set package 'python_tutorial' build argument 'cmake_clean_cache' from command line to 'False'
[0.446s] Level 5:colcon.colcon_core.verb:set package 'python_tutorial' build argument 'cmake_clean_first' from command line to 'False'
[0.446s] Level 5:colcon.colcon_core.verb:set package 'python_tutorial' build argument 'cmake_force_configure' from command line to 'False'
[0.446s] Level 5:colcon.colcon_core.verb:set package 'python_tutorial' build argument 'ament_cmake_args' from command line to 'None'
[0.446s] Level 5:colcon.colcon_core.verb:set package 'python_tutorial' build argument 'catkin_cmake_args' from command line to 'None'
[0.446s] Level 5:colcon.colcon_core.verb:set package 'python_tutorial' build argument 'catkin_skip_building_tests' from command line to 'False'
[0.446s] DEBUG:colcon.colcon_core.verb:Building package 'python_tutorial' with the following arguments: {'ament_cmake_args': None, 'build_base': '/home/elena/repos/space_robotics/python_tutorial/build/python_tutorial', 'catkin_cmake_args': None, 'catkin_skip_building_tests': False, 'cmake_args': None, 'cmake_clean_cache': False, 'cmake_clean_first': False, 'cmake_force_configure': False, 'cmake_target': None, 'cmake_target_skip_unavailable': False, 'install_base': '/home/elena/repos/space_robotics/python_tutorial/install/python_tutorial', 'merge_install': False, 'path': '/home/elena/repos/space_robotics/python_tutorial', 'symlink_install': True, 'test_result_base': None}
[0.447s] INFO:colcon.colcon_core.executor:Executing jobs using 'parallel' executor
[0.448s] DEBUG:colcon.colcon_parallel_executor.executor.parallel:run_until_complete
[0.448s] INFO:colcon.colcon_ros.task.ament_python.build:Building ROS package in '/home/elena/repos/space_robotics/python_tutorial' with build type 'ament_python'
[0.449s] Level 1:colcon.colcon_core.shell:create_environment_hook('python_tutorial', 'ament_prefix_path')
[0.451s] INFO:colcon.colcon_core.plugin_system:Skipping extension 'colcon_core.shell.bat': Not used on non-Windows systems
[0.451s] INFO:colcon.colcon_core.shell:Creating environment hook '/home/elena/repos/space_robotics/python_tutorial/install/python_tutorial/share/python_tutorial/hook/ament_prefix_path.ps1'
[0.452s] INFO:colcon.colcon_core.shell:Creating environment descriptor '/home/elena/repos/space_robotics/python_tutorial/install/python_tutorial/share/python_tutorial/hook/ament_prefix_path.dsv'
[0.452s] INFO:colcon.colcon_core.shell:Creating environment hook '/home/elena/repos/space_robotics/python_tutorial/install/python_tutorial/share/python_tutorial/hook/ament_prefix_path.sh'
[0.453s] INFO:colcon.colcon_core.shell:Skip shell extension 'powershell' for command environment: Not usable outside of PowerShell
[0.453s] DEBUG:colcon.colcon_core.shell:Skip shell extension 'dsv' for command environment
[0.752s] INFO:colcon.colcon_core.task.python.build:Building Python package in '/home/elena/repos/space_robotics/python_tutorial'
[0.753s] INFO:colcon.colcon_core.shell:Skip shell extension 'powershell' for command environment: Not usable outside of PowerShell
[0.753s] DEBUG:colcon.colcon_core.shell:Skip shell extension 'dsv' for command environment
[1.136s] DEBUG:colcon.colcon_core.event_handler.log_command:Invoking command in '/home/elena/repos/space_robotics/python_tutorial/build/python_tutorial': PYTHONPATH=/home/elena/repos/space_robotics/python_tutorial/build/python_tutorial/prefix_override:/usr/lib/python3/dist-packages/colcon_core/task/python/colcon_distutils_commands:/home/elena/repos/space_robotics/python_tutorial/install/python_tutorial/lib/python3.10/site-packages:${PYTHONPATH} /usr/bin/python3 -W ignore:setup.py install is deprecated -W ignore:easy_install command is deprecated setup.py develop --editable --build-directory /home/elena/repos/space_robotics/python_tutorial/build/python_tutorial/build --no-deps symlink_data
[1.623s] Level 1:colcon.colcon_core.shell:create_environment_hook('python_tutorial', 'pythonpath_develop')
[1.624s] INFO:colcon.colcon_core.shell:Creating environment hook '/home/elena/repos/space_robotics/python_tutorial/build/python_tutorial/share/python_tutorial/hook/pythonpath_develop.ps1'
[1.624s] DEBUG:colcon.colcon_core.event_handler.log_command:Invoked command in '/home/elena/repos/space_robotics/python_tutorial/build/python_tutorial' returned '0': PYTHONPATH=/home/elena/repos/space_robotics/python_tutorial/build/python_tutorial/prefix_override:/usr/lib/python3/dist-packages/colcon_core/task/python/colcon_distutils_commands:/home/elena/repos/space_robotics/python_tutorial/install/python_tutorial/lib/python3.10/site-packages:${PYTHONPATH} /usr/bin/python3 -W ignore:setup.py install is deprecated -W ignore:easy_install command is deprecated setup.py develop --editable --build-directory /home/elena/repos/space_robotics/python_tutorial/build/python_tutorial/build --no-deps symlink_data
[1.625s] INFO:colcon.colcon_core.shell:Creating environment descriptor '/home/elena/repos/space_robotics/python_tutorial/build/python_tutorial/share/python_tutorial/hook/pythonpath_develop.dsv'
[1.626s] INFO:colcon.colcon_core.shell:Creating environment hook '/home/elena/repos/space_robotics/python_tutorial/build/python_tutorial/share/python_tutorial/hook/pythonpath_develop.sh'
[1.629s] Level 1:colcon.colcon_core.environment:checking '/home/elena/repos/space_robotics/python_tutorial/install/python_tutorial' for CMake module files
[1.629s] Level 1:colcon.colcon_core.environment:checking '/home/elena/repos/space_robotics/python_tutorial/install/python_tutorial' for CMake config files
[1.630s] Level 1:colcon.colcon_core.environment:checking '/home/elena/repos/space_robotics/python_tutorial/install/python_tutorial/lib'
[1.630s] Level 1:colcon.colcon_core.environment:checking '/home/elena/repos/space_robotics/python_tutorial/install/python_tutorial/bin'
[1.630s] Level 1:colcon.colcon_core.environment:checking '/home/elena/repos/space_robotics/python_tutorial/install/python_tutorial/lib/pkgconfig/python_tutorial.pc'
[1.630s] Level 1:colcon.colcon_core.environment:checking '/home/elena/repos/space_robotics/python_tutorial/install/python_tutorial/lib/python3.10/site-packages'
[1.630s] Level 1:colcon.colcon_core.shell:create_environment_hook('python_tutorial', 'pythonpath')
[1.631s] INFO:colcon.colcon_core.shell:Creating environment hook '/home/elena/repos/space_robotics/python_tutorial/install/python_tutorial/share/python_tutorial/hook/pythonpath.ps1'
[1.631s] INFO:colcon.colcon_core.shell:Creating environment descriptor '/home/elena/repos/space_robotics/python_tutorial/install/python_tutorial/share/python_tutorial/hook/pythonpath.dsv'
[1.632s] INFO:colcon.colcon_core.shell:Creating environment hook '/home/elena/repos/space_robotics/python_tutorial/install/python_tutorial/share/python_tutorial/hook/pythonpath.sh'
[1.632s] Level 1:colcon.colcon_core.environment:checking '/home/elena/repos/space_robotics/python_tutorial/install/python_tutorial/bin'
[1.632s] Level 1:colcon.colcon_core.environment:create_environment_scripts_only(python_tutorial)
[1.633s] INFO:colcon.colcon_core.shell:Creating package script '/home/elena/repos/space_robotics/python_tutorial/install/python_tutorial/share/python_tutorial/package.ps1'
[1.633s] INFO:colcon.colcon_core.shell:Creating package descriptor '/home/elena/repos/space_robotics/python_tutorial/install/python_tutorial/share/python_tutorial/package.dsv'
[1.634s] INFO:colcon.colcon_core.shell:Creating package script '/home/elena/repos/space_robotics/python_tutorial/install/python_tutorial/share/python_tutorial/package.sh'
[1.635s] INFO:colcon.colcon_core.shell:Creating package script '/home/elena/repos/space_robotics/python_tutorial/install/python_tutorial/share/python_tutorial/package.bash'
[1.635s] INFO:colcon.colcon_core.shell:Creating package script '/home/elena/repos/space_robotics/python_tutorial/install/python_tutorial/share/python_tutorial/package.zsh'
[1.636s] Level 1:colcon.colcon_core.environment:create_file_with_runtime_dependencies(/home/elena/repos/space_robotics/python_tutorial/install/python_tutorial/share/colcon-core/packages/python_tutorial)
[1.636s] DEBUG:colcon.colcon_parallel_executor.executor.parallel:closing loop
[1.637s] DEBUG:colcon.colcon_parallel_executor.executor.parallel:loop closed
[1.637s] DEBUG:colcon.colcon_parallel_executor.executor.parallel:run_until_complete finished with '0'
[1.638s] DEBUG:colcon.colcon_core.event_reactor:joining thread
[1.693s] INFO:colcon.colcon_core.plugin_system:Skipping extension 'colcon_notification.desktop_notification.notify_send': Could not find 'notify-send'
[1.693s] INFO:colcon.colcon_core.plugin_system:Skipping extension 'colcon_notification.desktop_notification.terminal_notifier': Not used on non-Darwin systems
[1.693s] INFO:colcon.colcon_core.plugin_system:Skipping extension 'colcon_notification.desktop_notification.win32': Not used on non-Windows systems
[1.693s] INFO:colcon.colcon_notification.desktop_notification:Sending desktop notification using 'notify2'
[1.695s] DEBUG:colcon.colcon_notification.desktop_notification.notify2:Failed to initialize notify2: org.freedesktop.DBus.Error.ServiceUnknown: The name org.freedesktop.Notifications was not provided by any .service files
[1.695s] DEBUG:colcon.colcon_core.event_reactor:joined thread
[1.695s] INFO:colcon.colcon_core.shell:Creating prefix script '/home/elena/repos/space_robotics/python_tutorial/install/local_setup.ps1'
[1.696s] INFO:colcon.colcon_core.shell:Creating prefix util module '/home/elena/repos/space_robotics/python_tutorial/install/_local_setup_util_ps1.py'
[1.698s] INFO:colcon.colcon_core.shell:Creating prefix chain script '/home/elena/repos/space_robotics/python_tutorial/install/setup.ps1'
[1.698s] INFO:colcon.colcon_core.shell:Creating prefix script '/home/elena/repos/space_robotics/python_tutorial/install/local_setup.sh'
[1.699s] INFO:colcon.colcon_core.shell:Creating prefix util module '/home/elena/repos/space_robotics/python_tutorial/install/_local_setup_util_sh.py'
[1.700s] INFO:colcon.colcon_core.shell:Creating prefix chain script '/home/elena/repos/space_robotics/python_tutorial/install/setup.sh'
[1.701s] INFO:colcon.colcon_core.shell:Creating prefix script '/home/elena/repos/space_robotics/python_tutorial/install/local_setup.bash'
[1.701s] INFO:colcon.colcon_core.shell:Creating prefix chain script '/home/elena/repos/space_robotics/python_tutorial/install/setup.bash'
[1.702s] INFO:colcon.colcon_core.shell:Creating prefix script '/home/elena/repos/space_robotics/python_tutorial/install/local_setup.zsh'
[1.703s] INFO:colcon.colcon_core.shell:Creating prefix chain script '/home/elena/repos/space_robotics/python_tutorial/install/setup.zsh'
