[0.100s] DEBUG:colcon:Command line arguments: ['/usr/bin/colcon', 'build', '--symlink-install']
[0.100s] DEBUG:colcon:Parsed command line arguments: Namespace(log_base=None, log_level=None, verb_name='build', build_base='build', install_base='install', merge_install=False, symlink_install=True, test_result_base=None, continue_on_error=False, executor='parallel', parallel_workers=12, event_handlers=None, ignore_user_meta=False, metas=['./colcon.meta'], base_paths=['.'], packages_ignore=None, packages_ignore_regex=None, paths=None, packages_up_to=None, packages_up_to_regex=None, packages_above=None, packages_above_and_dependencies=None, packages_above_depth=None, packages_select_by_dep=None, packages_skip_by_dep=None, packages_skip_up_to=None, packages_select_build_failed=False, packages_skip_build_finished=False, packages_select_test_failures=False, packages_skip_test_passed=False, packages_select=None, packages_skip=None, packages_select_regex=None, packages_skip_regex=None, packages_start=None, packages_end=None, allow_overriding=[], cmake_args=None, cmake_target=None, cmake_target_skip_unavailable=False, cmake_clean_cache=False, cmake_clean_first=False, cmake_force_configure=False, ament_cmake_args=None, catkin_cmake_args=None, catkin_skip_building_tests=False, mixin_files=None, mixin=None, verb_parser=<colcon_mixin.mixin.mixin_argument.MixinArgumentDecorator object at 0x70f7f15cd3f0>, verb_extension=<colcon_core.verb.build.BuildVerb object at 0x70f7f15cce80>, main=<bound method BuildVerb.main of <colcon_core.verb.build.BuildVerb object at 0x70f7f15cce80>>, mixin_verb=('build',))
[0.196s] Level 1:colcon.colcon_core.package_discovery:discover_packages(colcon_meta) check parameters
[0.196s] Level 1:colcon.colcon_core.package_discovery:discover_packages(recursive) check parameters
[0.196s] Level 1:colcon.colcon_core.package_discovery:discover_packages(ignore) check parameters
[0.196s] Level 1:colcon.colcon_core.package_discovery:discover_packages(path) check parameters
[0.196s] Level 1:colcon.colcon_core.package_discovery:discover_packages(colcon_meta) discover
[0.196s] Level 1:colcon.colcon_core.package_discovery:discover_packages(recursive) discover
[0.197s] INFO:colcon.colcon_core.package_discovery:Crawling recursively for packages in '/home/elena/repos/space_robotics/python_tutorial'
[0.197s] Level 1:colcon.colcon_core.package_identification:_identify(.) by extensions ['ignore', 'ignore_ament_install']
[0.197s] Level 1:colcon.colcon_core.package_identification:_identify(.) by extension 'ignore'
[0.197s] Level 1:colcon.colcon_core.package_identification:_identify(.) by extension 'ignore_ament_install'
[0.197s] Level 1:colcon.colcon_core.package_identification:_identify(.) by extensions ['colcon_pkg']
[0.197s] Level 1:colcon.colcon_core.package_identification:_identify(.) by extension 'colcon_pkg'
[0.197s] Level 1:colcon.colcon_core.package_identification:_identify(.) by extensions ['colcon_meta']
[0.197s] Level 1:colcon.colcon_core.package_identification:_identify(.) by extension 'colcon_meta'
[0.197s] Level 1:colcon.colcon_core.package_identification:_identify(.) by extensions ['ros']
[0.197s] Level 1:colcon.colcon_core.package_identification:_identify(.) by extension 'ros'
[0.206s] DEBUG:colcon.colcon_core.package_identification:Package '.' with type 'ros.ament_python' and name 'python_tutorial'
[0.206s] Level 1:colcon.colcon_core.package_discovery:discover_packages(recursive) using defaults
[0.206s] Level 1:colcon.colcon_core.package_discovery:discover_packages(ignore) discover
[0.206s] Level 1:colcon.colcon_core.package_discovery:discover_packages(ignore) using defaults
[0.206s] Level 1:colcon.colcon_core.package_discovery:discover_packages(path) discover
[0.206s] Level 1:colcon.colcon_core.package_discovery:discover_packages(path) using defaults
[0.226s] Level 1:colcon.colcon_core.package_discovery:discover_packages(prefix_path) check parameters
[0.226s] Level 1:colcon.colcon_core.package_discovery:discover_packages(prefix_path) discover
[0.227s] DEBUG:colcon.colcon_installed_package_information.package_discovery:Found 271 installed packages in /opt/ros/humble
[0.228s] Level 1:colcon.colcon_core.package_discovery:discover_packages(prefix_path) using defaults
[0.249s] Level 5:colcon.colcon_core.verb:set package 'python_tutorial' build argument 'cmake_args' from command line to 'None'
[0.249s] Level 5:colcon.colcon_core.verb:set package 'python_tutorial' build argument 'cmake_target' from command line to 'None'
[0.249s] Level 5:colcon.colcon_core.verb:set package 'python_tutorial' build argument 'cmake_target_skip_unavailable' from command line to 'False'
[0.249s] Level 5:colcon.colcon_core.verb:set package 'python_tutorial' build argument 'cmake_clean_cache' from command line to 'False'
[0.249s] Level 5:colcon.colcon_core.verb:set package 'python_tutorial' build argument 'cmake_clean_first' from command line to 'False'
[0.249s] Level 5:colcon.colcon_core.verb:set package 'python_tutorial' build argument 'cmake_force_configure' from command line to 'False'
[0.249s] Level 5:colcon.colcon_core.verb:set package 'python_tutorial' build argument 'ament_cmake_args' from command line to 'None'
[0.249s] Level 5:colcon.colcon_core.verb:set package 'python_tutorial' build argument 'catkin_cmake_args' from command line to 'None'
[0.249s] Level 5:colcon.colcon_core.verb:set package 'python_tutorial' build argument 'catkin_skip_building_tests' from command line to 'False'
[0.249s] DEBUG:colcon.colcon_core.verb:Building package 'python_tutorial' with the following arguments: {'ament_cmake_args': None, 'build_base': '/home/elena/repos/space_robotics/python_tutorial/build/python_tutorial', 'catkin_cmake_args': None, 'catkin_skip_building_tests': False, 'cmake_args': None, 'cmake_clean_cache': False, 'cmake_clean_first': False, 'cmake_force_configure': False, 'cmake_target': None, 'cmake_target_skip_unavailable': False, 'install_base': '/home/elena/repos/space_robotics/python_tutorial/install/python_tutorial', 'merge_install': False, 'path': '/home/elena/repos/space_robotics/python_tutorial', 'symlink_install': True, 'test_result_base': None}
[0.249s] INFO:colcon.colcon_core.executor:Executing jobs using 'parallel' executor
[0.250s] DEBUG:colcon.colcon_parallel_executor.executor.parallel:run_until_complete
[0.250s] INFO:colcon.colcon_ros.task.ament_python.build:Building ROS package in '/home/elena/repos/space_robotics/python_tutorial' with build type 'ament_python'
[0.251s] Level 1:colcon.colcon_core.shell:create_environment_hook('python_tutorial', 'ament_prefix_path')
[0.252s] INFO:colcon.colcon_core.plugin_system:Skipping extension 'colcon_core.shell.bat': Not used on non-Windows systems
[0.253s] INFO:colcon.colcon_core.shell:Creating environment hook '/home/elena/repos/space_robotics/python_tutorial/install/python_tutorial/share/python_tutorial/hook/ament_prefix_path.ps1'
[0.253s] INFO:colcon.colcon_core.shell:Creating environment descriptor '/home/elena/repos/space_robotics/python_tutorial/install/python_tutorial/share/python_tutorial/hook/ament_prefix_path.dsv'
[0.254s] INFO:colcon.colcon_core.shell:Creating environment hook '/home/elena/repos/space_robotics/python_tutorial/install/python_tutorial/share/python_tutorial/hook/ament_prefix_path.sh'
[0.254s] INFO:colcon.colcon_core.shell:Skip shell extension 'powershell' for command environment: Not usable outside of PowerShell
[0.254s] DEBUG:colcon.colcon_core.shell:Skip shell extension 'dsv' for command environment
[0.415s] INFO:colcon.colcon_core.task.python.build:Building Python package in '/home/elena/repos/space_robotics/python_tutorial'
[0.415s] INFO:colcon.colcon_core.shell:Skip shell extension 'powershell' for command environment: Not usable outside of PowerShell
[0.415s] DEBUG:colcon.colcon_core.shell:Skip shell extension 'dsv' for command environment
[0.633s] DEBUG:colcon.colcon_core.event_handler.log_command:Invoking command in '/home/elena/repos/space_robotics/python_tutorial/build/python_tutorial': PYTHONPATH=/home/elena/repos/space_robotics/python_tutorial/build/python_tutorial/prefix_override:/usr/lib/python3/dist-packages/colcon_core/task/python/colcon_distutils_commands:/home/elena/repos/space_robotics/python_tutorial/install/python_tutorial/lib/python3.10/site-packages:${PYTHONPATH} /usr/bin/python3 -W ignore:setup.py install is deprecated -W ignore:easy_install command is deprecated setup.py develop --editable --build-directory /home/elena/repos/space_robotics/python_tutorial/build/python_tutorial/build --no-deps symlink_data
[0.892s] Level 1:colcon.colcon_core.shell:create_environment_hook('python_tutorial', 'pythonpath_develop')
[0.892s] DEBUG:colcon.colcon_core.event_handler.log_command:Invoked command in '/home/elena/repos/space_robotics/python_tutorial/build/python_tutorial' returned '0': PYTHONPATH=/home/elena/repos/space_robotics/python_tutorial/build/python_tutorial/prefix_override:/usr/lib/python3/dist-packages/colcon_core/task/python/colcon_distutils_commands:/home/elena/repos/space_robotics/python_tutorial/install/python_tutorial/lib/python3.10/site-packages:${PYTHONPATH} /usr/bin/python3 -W ignore:setup.py install is deprecated -W ignore:easy_install command is deprecated setup.py develop --editable --build-directory /home/elena/repos/space_robotics/python_tutorial/build/python_tutorial/build --no-deps symlink_data
[0.892s] INFO:colcon.colcon_core.shell:Creating environment hook '/home/elena/repos/space_robotics/python_tutorial/build/python_tutorial/share/python_tutorial/hook/pythonpath_develop.ps1'
[0.893s] INFO:colcon.colcon_core.shell:Creating environment descriptor '/home/elena/repos/space_robotics/python_tutorial/build/python_tutorial/share/python_tutorial/hook/pythonpath_develop.dsv'
[0.893s] INFO:colcon.colcon_core.shell:Creating environment hook '/home/elena/repos/space_robotics/python_tutorial/build/python_tutorial/share/python_tutorial/hook/pythonpath_develop.sh'
[0.895s] Level 1:colcon.colcon_core.environment:checking '/home/elena/repos/space_robotics/python_tutorial/install/python_tutorial' for CMake module files
[0.895s] Level 1:colcon.colcon_core.environment:checking '/home/elena/repos/space_robotics/python_tutorial/install/python_tutorial' for CMake config files
[0.895s] Level 1:colcon.colcon_core.environment:checking '/home/elena/repos/space_robotics/python_tutorial/install/python_tutorial/lib'
[0.895s] Level 1:colcon.colcon_core.environment:checking '/home/elena/repos/space_robotics/python_tutorial/install/python_tutorial/bin'
[0.895s] Level 1:colcon.colcon_core.environment:checking '/home/elena/repos/space_robotics/python_tutorial/install/python_tutorial/lib/pkgconfig/python_tutorial.pc'
[0.895s] Level 1:colcon.colcon_core.environment:checking '/home/elena/repos/space_robotics/python_tutorial/install/python_tutorial/lib/python3.10/site-packages'
[0.895s] Level 1:colcon.colcon_core.shell:create_environment_hook('python_tutorial', 'pythonpath')
[0.896s] INFO:colcon.colcon_core.shell:Creating environment hook '/home/elena/repos/space_robotics/python_tutorial/install/python_tutorial/share/python_tutorial/hook/pythonpath.ps1'
[0.896s] INFO:colcon.colcon_core.shell:Creating environment descriptor '/home/elena/repos/space_robotics/python_tutorial/install/python_tutorial/share/python_tutorial/hook/pythonpath.dsv'
[0.896s] INFO:colcon.colcon_core.shell:Creating environment hook '/home/elena/repos/space_robotics/python_tutorial/install/python_tutorial/share/python_tutorial/hook/pythonpath.sh'
[0.896s] Level 1:colcon.colcon_core.environment:checking '/home/elena/repos/space_robotics/python_tutorial/install/python_tutorial/bin'
[0.896s] Level 1:colcon.colcon_core.environment:create_environment_scripts_only(python_tutorial)
[0.897s] INFO:colcon.colcon_core.shell:Creating package script '/home/elena/repos/space_robotics/python_tutorial/install/python_tutorial/share/python_tutorial/package.ps1'
[0.897s] INFO:colcon.colcon_core.shell:Creating package descriptor '/home/elena/repos/space_robotics/python_tutorial/install/python_tutorial/share/python_tutorial/package.dsv'
[0.898s] INFO:colcon.colcon_core.shell:Creating package script '/home/elena/repos/space_robotics/python_tutorial/install/python_tutorial/share/python_tutorial/package.sh'
[0.898s] INFO:colcon.colcon_core.shell:Creating package script '/home/elena/repos/space_robotics/python_tutorial/install/python_tutorial/share/python_tutorial/package.bash'
[0.899s] INFO:colcon.colcon_core.shell:Creating package script '/home/elena/repos/space_robotics/python_tutorial/install/python_tutorial/share/python_tutorial/package.zsh'
[0.899s] Level 1:colcon.colcon_core.environment:create_file_with_runtime_dependencies(/home/elena/repos/space_robotics/python_tutorial/install/python_tutorial/share/colcon-core/packages/python_tutorial)
[0.899s] DEBUG:colcon.colcon_parallel_executor.executor.parallel:closing loop
[0.900s] DEBUG:colcon.colcon_parallel_executor.executor.parallel:loop closed
[0.900s] DEBUG:colcon.colcon_parallel_executor.executor.parallel:run_until_complete finished with '0'
[0.900s] DEBUG:colcon.colcon_core.event_reactor:joining thread
[0.917s] INFO:colcon.colcon_core.plugin_system:Skipping extension 'colcon_notification.desktop_notification.notify_send': Could not find 'notify-send'
[0.918s] INFO:colcon.colcon_core.plugin_system:Skipping extension 'colcon_notification.desktop_notification.terminal_notifier': Not used on non-Darwin systems
[0.918s] INFO:colcon.colcon_core.plugin_system:Skipping extension 'colcon_notification.desktop_notification.win32': Not used on non-Windows systems
[0.918s] INFO:colcon.colcon_notification.desktop_notification:Sending desktop notification using 'notify2'
[0.918s] DEBUG:colcon.colcon_notification.desktop_notification.notify2:Failed to initialize notify2: org.freedesktop.DBus.Error.FileNotFound: Failed to connect to socket /run/user/1000/bus: No such file or directory
[0.918s] DEBUG:colcon.colcon_core.event_reactor:joined thread
[0.918s] INFO:colcon.colcon_core.shell:Creating prefix script '/home/elena/repos/space_robotics/python_tutorial/install/local_setup.ps1'
[0.919s] INFO:colcon.colcon_core.shell:Creating prefix util module '/home/elena/repos/space_robotics/python_tutorial/install/_local_setup_util_ps1.py'
[0.920s] INFO:colcon.colcon_core.shell:Creating prefix chain script '/home/elena/repos/space_robotics/python_tutorial/install/setup.ps1'
[0.920s] INFO:colcon.colcon_core.shell:Creating prefix script '/home/elena/repos/space_robotics/python_tutorial/install/local_setup.sh'
[0.920s] INFO:colcon.colcon_core.shell:Creating prefix util module '/home/elena/repos/space_robotics/python_tutorial/install/_local_setup_util_sh.py'
[0.921s] INFO:colcon.colcon_core.shell:Creating prefix chain script '/home/elena/repos/space_robotics/python_tutorial/install/setup.sh'
[0.921s] INFO:colcon.colcon_core.shell:Creating prefix script '/home/elena/repos/space_robotics/python_tutorial/install/local_setup.bash'
[0.921s] INFO:colcon.colcon_core.shell:Creating prefix chain script '/home/elena/repos/space_robotics/python_tutorial/install/setup.bash'
[0.922s] INFO:colcon.colcon_core.shell:Creating prefix script '/home/elena/repos/space_robotics/python_tutorial/install/local_setup.zsh'
[0.922s] INFO:colcon.colcon_core.shell:Creating prefix chain script '/home/elena/repos/space_robotics/python_tutorial/install/setup.zsh'
