running develop
running egg_info
creating python_tutorial.egg-info
writing python_tutorial.egg-info/PKG-INFO
writing dependency_links to python_tutorial.egg-info/dependency_links.txt
writing entry points to python_tutorial.egg-info/entry_points.txt
writing requirements to python_tutorial.egg-info/requires.txt
writing top-level names to python_tutorial.egg-info/top_level.txt
writing manifest file 'python_tutorial.egg-info/SOURCES.txt'
reading manifest file 'python_tutorial.egg-info/SOURCES.txt'
writing manifest file 'python_tutorial.egg-info/SOURCES.txt'
running build_ext
Creating /home/elena/repos/space_robotics/python_tutorial/install/python_tutorial/lib/python3.10/site-packages/python-tutorial.egg-link (link to .)
Installing python_tutorial script to /home/elena/repos/space_robotics/python_tutorial/install/python_tutorial/lib/python_tutorial

Installed /home/elena/repos/space_robotics/python_tutorial/build/python_tutorial
running symlink_data
creating /home/elena/repos/space_robotics/python_tutorial/install/python_tutorial/share/ament_index
creating /home/elena/repos/space_robotics/python_tutorial/install/python_tutorial/share/ament_index/resource_index
creating /home/elena/repos/space_robotics/python_tutorial/install/python_tutorial/share/ament_index/resource_index/packages
symbolically linking /home/elena/repos/space_robotics/python_tutorial/build/python_tutorial/resource/python_tutorial -> /home/elena/repos/space_robotics/python_tutorial/install/python_tutorial/share/ament_index/resource_index/packages
symbolically linking /home/elena/repos/space_robotics/python_tutorial/build/python_tutorial/package.xml -> /home/elena/repos/space_robotics/python_tutorial/install/python_tutorial/share/python_tutorial
