[0.525s] Invoking command in '/home/elena/repos/space_robotics/python_tutorial/build/python_tutorial': PYTHONPATH=/home/elena/repos/space_robotics/python_tutorial/build/python_tutorial/prefix_override:/usr/lib/python3/dist-packages/colcon_core/task/python/colcon_distutils_commands:/home/elena/repos/space_robotics/python_tutorial/install/python_tutorial/lib/python3.10/site-packages:${PYTHONPATH} /usr/bin/python3 -W ignore:setup.py install is deprecated -W ignore:easy_install command is deprecated setup.py develop --editable --build-directory /home/elena/repos/space_robotics/python_tutorial/build/python_tutorial/build --no-deps symlink_data
[0.677s] running develop
[0.762s] running egg_info
[0.762s] creating python_tutorial.egg-info
[0.762s] writing python_tutorial.egg-info/PKG-INFO
[0.762s] writing dependency_links to python_tutorial.egg-info/dependency_links.txt
[0.762s] writing entry points to python_tutorial.egg-info/entry_points.txt
[0.762s] writing requirements to python_tutorial.egg-info/requires.txt
[0.762s] writing top-level names to python_tutorial.egg-info/top_level.txt
[0.763s] writing manifest file 'python_tutorial.egg-info/SOURCES.txt'
[0.764s] reading manifest file 'python_tutorial.egg-info/SOURCES.txt'
[0.764s] writing manifest file 'python_tutorial.egg-info/SOURCES.txt'
[0.765s] running build_ext
[0.765s] Creating /home/elena/repos/space_robotics/python_tutorial/install/python_tutorial/lib/python3.10/site-packages/python-tutorial.egg-link (link to .)
[0.766s] Installing python_tutorial script to /home/elena/repos/space_robotics/python_tutorial/install/python_tutorial/lib/python_tutorial
[0.766s] 
[0.766s] Installed /home/elena/repos/space_robotics/python_tutorial/build/python_tutorial
[0.766s] running symlink_data
[0.767s] creating /home/elena/repos/space_robotics/python_tutorial/install/python_tutorial/share/ament_index
[0.767s] creating /home/elena/repos/space_robotics/python_tutorial/install/python_tutorial/share/ament_index/resource_index
[0.767s] creating /home/elena/repos/space_robotics/python_tutorial/install/python_tutorial/share/ament_index/resource_index/packages
[0.767s] symbolically linking /home/elena/repos/space_robotics/python_tutorial/build/python_tutorial/resource/python_tutorial -> /home/elena/repos/space_robotics/python_tutorial/install/python_tutorial/share/ament_index/resource_index/packages
[0.767s] symbolically linking /home/elena/repos/space_robotics/python_tutorial/build/python_tutorial/package.xml -> /home/elena/repos/space_robotics/python_tutorial/install/python_tutorial/share/python_tutorial
[0.785s] Invoked command in '/home/elena/repos/space_robotics/python_tutorial/build/python_tutorial' returned '0': PYTHONPATH=/home/elena/repos/space_robotics/python_tutorial/build/python_tutorial/prefix_override:/usr/lib/python3/dist-packages/colcon_core/task/python/colcon_distutils_commands:/home/elena/repos/space_robotics/python_tutorial/install/python_tutorial/lib/python3.10/site-packages:${PYTHONPATH} /usr/bin/python3 -W ignore:setup.py install is deprecated -W ignore:easy_install command is deprecated setup.py develop --editable --build-directory /home/elena/repos/space_robotics/python_tutorial/build/python_tutorial/build --no-deps symlink_data
